Determining if the pthread_create exist failed with the following output:
Change Dir: /home/xx/chuan/cartographer1.0_ws/protobuf-3.5.0/build/CMakeFiles/CMakeTmp

Run Build Command:"/usr/bin/ninja" "cmTC_fe11f"
[1/2] Building C object CMakeFiles/cmTC_fe11f.dir/CheckSymbolExists.c.o
[2/2] Linking C executable cmTC_fe11f
FAILED: : && /usr/bin/cc     CMakeFiles/cmTC_fe11f.dir/CheckSymbolExists.c.o  -o cmTC_fe11f  -rdynamic && :
CMakeFiles/cmTC_fe11f.dir/CheckSymbolExists.c.o: In function `main':
CheckSymbolExists.c:(.text+0x1b): undefined reference to `pthread_create'
collect2: error: ld returned 1 exit status
ninja: build stopped: subcommand failed.

File /home/xx/chuan/cartographer1.0_ws/protobuf-3.5.0/build/CMakeFiles/CMakeTmp/CheckSymbolExists.c:
/* */
#include <pthread.h>

int main(int argc, char** argv)
{
  (void)argv;
#ifndef pthread_create
  return ((int*)(&pthread_create))[argc];
#else
  (void)argc;
  return 0;
#endif
}

Determining if the function pthread_create exists in the pthreads failed with the following output:
Change Dir: /home/xx/chuan/cartographer1.0_ws/protobuf-3.5.0/build/CMakeFiles/CMakeTmp

Run Build Command:"/usr/bin/ninja" "cmTC_67d5e"
[1/2] Building C object CMakeFiles/cmTC_67d5e.dir/CheckFunctionExists.c.o
[2/2] Linking C executable cmTC_67d5e
FAILED: : && /usr/bin/cc  -DCHECK_FUNCTION_EXISTS=pthread_create   CMakeFiles/cmTC_67d5e.dir/CheckFunctionExists.c.o  -o cmTC_67d5e  -rdynamic -lpthreads && :
/usr/bin/ld: cannot find -lpthreads
collect2: error: ld returned 1 exit status
ninja: build stopped: subcommand failed.


